2012-9-4 15:42:45 org.apache.catalina.core.AprLifecycleListener init
信息: The APR based Apache Tomcat Native library which allows optimal performance in production environments was not found on the java.library.path: /home/mmk/jdk1.6.0_33/jre/lib/amd64/server:/home/mmk/jdk1.6.0_33/jre/lib/amd64:/home/mmk/jdk1.6.0_33/jre/../lib/amd64:/usr/java/packages/lib/amd64:/usr/lib64:/lib64:/lib:/usr/lib
2012-9-4 15:42:46 org.apache.coyote.AbstractProtocol init
信息: Initializing ProtocolHandler ["http-bio-8080"]
2012-9-4 15:42:46 org.apache.coyote.AbstractProtocol init
信息: Initializing ProtocolHandler ["ajp-bio-8009"]
2012-9-4 15:42:46 org.apache.catalina.startup.Catalina load
信息: Initialization processed in 1434 ms
2012-9-4 15:42:46 org.apache.catalina.core.StandardService startInternal
信息: Starting service Catalina
2012-9-4 15:42:46 org.apache.catalina.core.StandardEngine startInternal
信息: Starting Servlet Engine: Apache Tomcat/7.0.29
2012-9-4 15:42:46 org.apache.catalina.startup.HostConfig deployDirectory
信息: Deploying web application directory /home/mmk/webdevelop/apache-tomcat-7.0.29/webapps/ROOT
2012-9-4 15:42:46 org.apache.catalina.util.SessionIdGenerator createSecureRandom
信息: Creation of SecureRandom instance for session ID generation using [SHA1PRNG] took [256] milliseconds.
2012-9-4 15:42:46 org.apache.catalina.startup.HostConfig deployDirectory
信息: Deploying web application directory /home/mmk/webdevelop/apache-tomcat-7.0.29/webapps/docs
2012-9-4 15:42:46 org.apache.catalina.startup.HostConfig deployDirectory
信息: Deploying web application directory /home/mmk/webdevelop/apache-tomcat-7.0.29/webapps/manager
2012-9-4 15:42:46 org.apache.catalina.startup.HostConfig deployDirectory
信息: Deploying web application directory /home/mmk/webdevelop/apache-tomcat-7.0.29/webapps/host-manager
2012-9-4 15:42:46 org.apache.catalina.startup.HostConfig deployDirectory
信息: Deploying web application directory /home/mmk/webdevelop/apache-tomcat-7.0.29/webapps/examples
2012-9-4 15:42:47 org.apache.coyote.AbstractProtocol start
信息: Starting ProtocolHandler ["http-bio-8080"]
2012-9-4 15:42:47 org.apache.coyote.AbstractProtocol start
信息: Starting ProtocolHandler ["ajp-bio-8009"]
2012-9-4 15:42:47 org.apache.catalina.startup.Catalina start
信息: Server startup in 981 ms
2012-9-4 15:46:44 org.apache.catalina.core.StandardServer await
信息: A valid shutdown command was received via the shutdown port. Stopping the Server instance.
2012-9-4 15:46:44 org.apache.coyote.AbstractProtocol pause
信息: Pausing ProtocolHandler ["http-bio-8080"]
2012-9-4 15:46:44 org.apache.coyote.AbstractProtocol pause
信息: Pausing ProtocolHandler ["ajp-bio-8009"]
2012-9-4 15:46:44 org.apache.catalina.core.StandardService stopInternal
信息: Stopping service Catalina
2012-9-4 15:46:44 org.apache.coyote.AbstractProtocol stop
信息: Stopping ProtocolHandler ["http-bio-8080"]
2012-9-4 15:46:44 org.apache.coyote.AbstractProtocol stop
信息: Stopping ProtocolHandler ["ajp-bio-8009"]
2012-9-4 15:46:44 org.apache.coyote.AbstractProtocol destroy
信息: Destroying ProtocolHandler ["http-bio-8080"]
2012-9-4 15:46:44 org.apache.coyote.AbstractProtocol destroy
信息: Destroying ProtocolHandler ["ajp-bio-8009"]
2012-9-4 15:50:36 org.apache.catalina.core.AprLifecycleListener init
信息: The APR based Apache Tomcat Native library which allows optimal performance in production environments was not found on the java.library.path: /home/mmk/jdk1.6.0_33/jre/lib/amd64/server:/home/mmk/jdk1.6.0_33/jre/lib/amd64:/home/mmk/jdk1.6.0_33/jre/../lib/amd64:/usr/java/packages/lib/amd64:/usr/lib64:/lib64:/lib:/usr/lib
2012-9-4 15:50:36 org.apache.coyote.AbstractProtocol init
信息: Initializing ProtocolHandler ["http-bio-8080"]
2012-9-4 15:50:36 org.apache.coyote.AbstractProtocol init
信息: Initializing ProtocolHandler ["ajp-bio-8009"]
2012-9-4 15:50:36 org.apache.catalina.startup.Catalina load
信息: Initialization processed in 598 ms
2012-9-4 15:50:36 org.apache.catalina.core.StandardService startInternal
信息: Starting service Catalina
2012-9-4 15:50:36 org.apache.catalina.core.StandardEngine startInternal
信息: Starting Servlet Engine: Apache Tomcat/7.0.29
2012-9-4 15:50:36 org.apache.catalina.startup.HostConfig deployDirectory
信息: Deploying web application directory /home/mmk/webdevelop/apache-tomcat-7.0.29/webapps/ROOT
2012-9-4 15:50:37 org.apache.catalina.startup.HostConfig deployDirectory
信息: Deploying web application directory /home/mmk/webdevelop/apache-tomcat-7.0.29/webapps/docs
2012-9-4 15:50:37 org.apache.catalina.startup.HostConfig deployDirectory
信息: Deploying web application directory /home/mmk/webdevelop/apache-tomcat-7.0.29/webapps/manager
2012-9-4 15:50:37 org.apache.catalina.startup.HostConfig deployDirectory
信息: Deploying web application directory /home/mmk/webdevelop/apache-tomcat-7.0.29/webapps/host-manager
2012-9-4 15:50:37 org.apache.catalina.startup.HostConfig deployDirectory
信息: Deploying web application directory /home/mmk/webdevelop/apache-tomcat-7.0.29/webapps/examples
2012-9-4 15:50:37 org.apache.coyote.AbstractProtocol start
信息: Starting ProtocolHandler ["http-bio-8080"]
2012-9-4 15:50:37 org.apache.coyote.AbstractProtocol start
信息: Starting ProtocolHandler ["ajp-bio-8009"]
2012-9-4 15:50:37 org.apache.catalina.startup.Catalina start
信息: Server startup in 706 ms
2012-9-4 15:54:29 org.apache.catalina.core.StandardServer await
信息: A valid shutdown command was received via the shutdown port. Stopping the Server instance.
2012-9-4 15:54:29 org.apache.coyote.AbstractProtocol pause
信息: Pausing ProtocolHandler ["http-bio-8080"]
2012-9-4 15:54:29 org.apache.coyote.AbstractProtocol pause
信息: Pausing ProtocolHandler ["ajp-bio-8009"]
2012-9-4 15:54:29 org.apache.catalina.core.StandardService stopInternal
信息: Stopping service Catalina
2012-9-4 15:54:29 org.apache.coyote.AbstractProtocol stop
信息: Stopping ProtocolHandler ["http-bio-8080"]
2012-9-4 15:54:29 org.apache.coyote.AbstractProtocol stop
信息: Stopping ProtocolHandler ["ajp-bio-8009"]
2012-9-4 15:54:29 org.apache.coyote.AbstractProtocol destroy
信息: Destroying ProtocolHandler ["http-bio-8080"]
2012-9-4 15:54:29 org.apache.coyote.AbstractProtocol destroy
信息: Destroying ProtocolHandler ["ajp-bio-8009"]
2012-9-4 15:54:35 org.apache.catalina.core.AprLifecycleListener init
信息: The APR based Apache Tomcat Native library which allows optimal performance in production environments was not found on the java.library.path: /home/mmk/jdk1.6.0_33/jre/lib/amd64/server:/home/mmk/jdk1.6.0_33/jre/lib/amd64:/home/mmk/jdk1.6.0_33/jre/../lib/amd64:/usr/java/packages/lib/amd64:/usr/lib64:/lib64:/lib:/usr/lib
2012-9-4 15:54:35 org.apache.coyote.AbstractProtocol init
信息: Initializing ProtocolHandler ["http-bio-8080"]
2012-9-4 15:54:35 org.apache.coyote.AbstractProtocol init
信息: Initializing ProtocolHandler ["ajp-bio-8009"]
2012-9-4 15:54:35 org.apache.catalina.startup.Catalina load
信息: Initialization processed in 634 ms
2012-9-4 15:54:35 org.apache.catalina.core.StandardService startInternal
信息: Starting service Catalina
2012-9-4 15:54:35 org.apache.catalina.core.StandardEngine startInternal
信息: Starting Servlet Engine: Apache Tomcat/7.0.29
2012-9-4 15:54:35 org.apache.catalina.startup.HostConfig deployDirectory
信息: Deploying web application directory /home/mmk/webdevelop/apache-tomcat-7.0.29/webapps/ROOT
2012-9-4 15:54:36 org.apache.catalina.startup.HostConfig deployDirectory
信息: Deploying web application directory /home/mmk/webdevelop/apache-tomcat-7.0.29/webapps/docs
2012-9-4 15:54:36 org.apache.catalina.startup.HostConfig deployDirectory
信息: Deploying web application directory /home/mmk/webdevelop/apache-tomcat-7.0.29/webapps/manager
2012-9-4 15:54:36 org.apache.catalina.startup.HostConfig deployDirectory
信息: Deploying web application directory /home/mmk/webdevelop/apache-tomcat-7.0.29/webapps/host-manager
2012-9-4 15:54:36 org.apache.catalina.startup.HostConfig deployDirectory
信息: Deploying web application directory /home/mmk/webdevelop/apache-tomcat-7.0.29/webapps/examples
2012-9-4 15:54:36 org.apache.coyote.AbstractProtocol start
信息: Starting ProtocolHandler ["http-bio-8080"]
2012-9-4 15:54:36 org.apache.coyote.AbstractProtocol start
信息: Starting ProtocolHandler ["ajp-bio-8009"]
2012-9-4 15:54:36 org.apache.catalina.startup.Catalina start
信息: Server startup in 761 ms
2012-9-4 15:58:22 org.apache.catalina.core.StandardServer await
信息: A valid shutdown command was received via the shutdown port. Stopping the Server instance.
2012-9-4 15:58:22 org.apache.coyote.AbstractProtocol pause
信息: Pausing ProtocolHandler ["http-bio-8080"]
2012-9-4 15:58:22 org.apache.coyote.AbstractProtocol pause
信息: Pausing ProtocolHandler ["ajp-bio-8009"]
2012-9-4 15:58:22 org.apache.catalina.core.StandardService stopInternal
信息: Stopping service Catalina
2012-9-4 15:58:22 org.apache.coyote.AbstractProtocol stop
信息: Stopping ProtocolHandler ["http-bio-8080"]
2012-9-4 15:58:22 org.apache.coyote.AbstractProtocol stop
信息: Stopping ProtocolHandler ["ajp-bio-8009"]
2012-9-4 15:58:22 org.apache.coyote.AbstractProtocol destroy
信息: Destroying ProtocolHandler ["http-bio-8080"]
2012-9-4 15:58:22 org.apache.coyote.AbstractProtocol destroy
信息: Destroying ProtocolHandler ["ajp-bio-8009"]
2012-9-4 17:24:38 org.apache.catalina.core.AprLifecycleListener init
信息: The APR based Apache Tomcat Native library which allows optimal performance in production environments was not found on the java.library.path: /home/mmk/jdk1.6.0_33/jre/lib/amd64/server:/home/mmk/jdk1.6.0_33/jre/lib/amd64:/home/mmk/jdk1.6.0_33/jre/../lib/amd64:/usr/java/packages/lib/amd64:/usr/lib64:/lib64:/lib:/usr/lib
2012-9-4 17:24:38 org.apache.coyote.AbstractProtocol init
信息: Initializing ProtocolHandler ["http-bio-8080"]
2012-9-4 17:24:38 org.apache.coyote.AbstractProtocol init
信息: Initializing ProtocolHandler ["ajp-bio-8009"]
2012-9-4 17:24:38 org.apache.catalina.startup.Catalina load
信息: Initialization processed in 598 ms
2012-9-4 17:24:38 org.apache.catalina.core.StandardService startInternal
信息: Starting service Catalina
2012-9-4 17:24:38 org.apache.catalina.core.StandardEngine startInternal
信息: Starting Servlet Engine: Apache Tomcat/7.0.29
2012-9-4 17:24:38 org.apache.catalina.startup.HostConfig deployDirectory
信息: Deploying web application directory /home/mmk/webdevelop/apache-tomcat-7.0.29/webapps/ROOT
2012-9-4 17:24:39 org.apache.catalina.startup.HostConfig deployDirectory
信息: Deploying web application directory /home/mmk/webdevelop/apache-tomcat-7.0.29/webapps/docs
2012-9-4 17:24:39 org.apache.catalina.startup.HostConfig deployDirectory
信息: Deploying web application directory /home/mmk/webdevelop/apache-tomcat-7.0.29/webapps/helloworld
2012-9-4 17:24:40 com.sun.faces.config.ConfigureListener contextInitialized
信息: 初始化上下文 '/helloworld' 的 Mojarra 2.0.3 (FCS b03)
2012-9-4 17:24:40 com.sun.faces.spi.InjectionProviderFactory createInstance
信息: JSF1048：有 PostConstruct/PreDestroy 注释。标有这些注释的 ManagedBeans 方法将表示注释已处理。
2012-9-4 17:24:41 org.apache.catalina.startup.HostConfig deployDirectory
信息: Deploying web application directory /home/mmk/webdevelop/apache-tomcat-7.0.29/webapps/manager
2012-9-4 17:24:41 org.apache.catalina.startup.HostConfig deployDirectory
信息: Deploying web application directory /home/mmk/webdevelop/apache-tomcat-7.0.29/webapps/host-manager
2012-9-4 17:24:41 org.apache.catalina.startup.HostConfig deployDirectory
信息: Deploying web application directory /home/mmk/webdevelop/apache-tomcat-7.0.29/webapps/examples
2012-9-4 17:24:41 org.apache.coyote.AbstractProtocol start
信息: Starting ProtocolHandler ["http-bio-8080"]
2012-9-4 17:24:41 org.apache.coyote.AbstractProtocol start
信息: Starting ProtocolHandler ["ajp-bio-8009"]
2012-9-4 17:24:41 org.apache.catalina.startup.Catalina start
信息: Server startup in 2822 ms
2012-9-4 17:24:58 org.apache.catalina.core.StandardServer await
信息: A valid shutdown command was received via the shutdown port. Stopping the Server instance.
2012-9-4 17:24:58 org.apache.coyote.AbstractProtocol pause
信息: Pausing ProtocolHandler ["http-bio-8080"]
2012-9-4 17:24:58 org.apache.coyote.AbstractProtocol pause
信息: Pausing ProtocolHandler ["ajp-bio-8009"]
2012-9-4 17:24:58 org.apache.catalina.core.StandardService stopInternal
信息: Stopping service Catalina
2012-9-4 17:24:58 org.apache.coyote.AbstractProtocol stop
信息: Stopping ProtocolHandler ["http-bio-8080"]
2012-9-4 17:24:58 org.apache.coyote.AbstractProtocol stop
信息: Stopping ProtocolHandler ["ajp-bio-8009"]
2012-9-4 17:24:58 org.apache.coyote.AbstractProtocol destroy
信息: Destroying ProtocolHandler ["http-bio-8080"]
2012-9-4 17:24:58 org.apache.coyote.AbstractProtocol destroy
信息: Destroying ProtocolHandler ["ajp-bio-8009"]
2012-9-4 17:27:49 org.apache.catalina.core.AprLifecycleListener init
信息: The APR based Apache Tomcat Native library which allows optimal performance in production environments was not found on the java.library.path: /home/mmk/jdk1.6.0_33/jre/lib/amd64/server:/home/mmk/jdk1.6.0_33/jre/lib/amd64:/home/mmk/jdk1.6.0_33/jre/../lib/amd64:/usr/java/packages/lib/amd64:/usr/lib64:/lib64:/lib:/usr/lib
2012-9-4 17:27:49 org.apache.coyote.AbstractProtocol init
信息: Initializing ProtocolHandler ["http-bio-8080"]
2012-9-4 17:27:49 org.apache.coyote.AbstractProtocol init
信息: Initializing ProtocolHandler ["ajp-bio-8009"]
2012-9-4 17:27:49 org.apache.catalina.startup.Catalina load
信息: Initialization processed in 604 ms
2012-9-4 17:27:49 org.apache.catalina.core.StandardService startInternal
信息: Starting service Catalina
2012-9-4 17:27:49 org.apache.catalina.core.StandardEngine startInternal
信息: Starting Servlet Engine: Apache Tomcat/7.0.29
2012-9-4 17:27:49 org.apache.catalina.startup.HostConfig deployDirectory
信息: Deploying web application directory /home/mmk/webdevelop/apache-tomcat-7.0.29/webapps/ROOT
2012-9-4 17:27:50 org.apache.catalina.util.SessionIdGenerator createSecureRandom
信息: Creation of SecureRandom instance for session ID generation using [SHA1PRNG] took [763] milliseconds.
2012-9-4 17:27:50 org.apache.catalina.startup.HostConfig deployDirectory
信息: Deploying web application directory /home/mmk/webdevelop/apache-tomcat-7.0.29/webapps/docs
2012-9-4 17:27:50 org.apache.catalina.startup.HostConfig deployDirectory
信息: Deploying web application directory /home/mmk/webdevelop/apache-tomcat-7.0.29/webapps/helloworld
2012-9-4 17:27:51 com.sun.faces.config.ConfigureListener contextInitialized
信息: 初始化上下文 '/helloworld' 的 Mojarra 2.0.3 (FCS b03)
2012-9-4 17:27:52 com.sun.faces.spi.InjectionProviderFactory createInstance
信息: JSF1048：有 PostConstruct/PreDestroy 注释。标有这些注释的 ManagedBeans 方法将表示注释已处理。
2012-9-4 17:27:52 org.apache.catalina.startup.HostConfig deployDirectory
信息: Deploying web application directory /home/mmk/webdevelop/apache-tomcat-7.0.29/webapps/manager
2012-9-4 17:27:52 org.apache.catalina.startup.HostConfig deployDirectory
信息: Deploying web application directory /home/mmk/webdevelop/apache-tomcat-7.0.29/webapps/host-manager
2012-9-4 17:27:52 org.apache.catalina.startup.HostConfig deployDirectory
信息: Deploying web application directory /home/mmk/webdevelop/apache-tomcat-7.0.29/webapps/examples
2012-9-4 17:27:53 org.apache.coyote.AbstractProtocol start
信息: Starting ProtocolHandler ["http-bio-8080"]
2012-9-4 17:27:53 org.apache.coyote.AbstractProtocol start
信息: Starting ProtocolHandler ["ajp-bio-8009"]
2012-9-4 17:27:53 org.apache.catalina.startup.Catalina start
信息: Server startup in 3338 ms
2012-9-4 17:31:10 org.apache.catalina.core.StandardServer await
信息: A valid shutdown command was received via the shutdown port. Stopping the Server instance.
2012-9-4 17:31:10 org.apache.coyote.AbstractProtocol pause
信息: Pausing ProtocolHandler ["http-bio-8080"]
2012-9-4 17:31:10 org.apache.coyote.AbstractProtocol pause
信息: Pausing ProtocolHandler ["ajp-bio-8009"]
2012-9-4 17:31:10 org.apache.catalina.core.StandardService stopInternal
信息: Stopping service Catalina
2012-9-4 17:31:10 org.apache.coyote.AbstractProtocol stop
信息: Stopping ProtocolHandler ["http-bio-8080"]
2012-9-4 17:31:10 org.apache.coyote.AbstractProtocol stop
信息: Stopping ProtocolHandler ["ajp-bio-8009"]
2012-9-4 17:31:10 org.apache.coyote.AbstractProtocol destroy
信息: Destroying ProtocolHandler ["http-bio-8080"]
2012-9-4 17:31:10 org.apache.coyote.AbstractProtocol destroy
信息: Destroying ProtocolHandler ["ajp-bio-8009"]
2012-9-13 10:17:18 org.apache.catalina.core.AprLifecycleListener init
信息: The APR based Apache Tomcat Native library which allows optimal performance in production environments was not found on the java.library.path: /home/mmk/jdk1.6.0_33/jre/lib/amd64/server:/home/mmk/jdk1.6.0_33/jre/lib/amd64:/home/mmk/jdk1.6.0_33/jre/../lib/amd64:/usr/java/packages/lib/amd64:/usr/lib64:/lib64:/lib:/usr/lib
2012-9-13 10:17:19 org.apache.coyote.AbstractProtocol init
信息: Initializing ProtocolHandler ["http-bio-2300"]
2012-9-13 10:17:19 org.apache.coyote.AbstractProtocol init
信息: Initializing ProtocolHandler ["ajp-bio-8009"]
2012-9-13 10:17:19 org.apache.catalina.startup.Catalina load
信息: Initialization processed in 1421 ms
2012-9-13 10:17:19 org.apache.catalina.core.StandardService startInternal
信息: Starting service Catalina
2012-9-13 10:17:19 org.apache.catalina.core.StandardEngine startInternal
信息: Starting Servlet Engine: Apache Tomcat/7.0.29
2012-9-13 10:17:19 org.apache.catalina.startup.HostConfig deployDirectory
信息: Deploying web application directory /home/mmk/webdevelop/apache-tomcat-7.0.29/webapps/ROOT
2012-9-13 10:17:20 org.apache.catalina.startup.HostConfig deployDirectory
信息: Deploying web application directory /home/mmk/webdevelop/apache-tomcat-7.0.29/webapps/docs
2012-9-13 10:17:20 org.apache.catalina.startup.HostConfig deployDirectory
信息: Deploying web application directory /home/mmk/webdevelop/apache-tomcat-7.0.29/webapps/OtaUpdater
2012-9-13 10:17:21 com.sun.faces.config.ConfigureListener contextInitialized
信息: 初始化上下文 '/OtaUpdater' 的 Mojarra 2.0.3 (FCS b03)
2012-9-13 10:17:22 com.sun.faces.spi.InjectionProviderFactory createInstance
信息: JSF1048：有 PostConstruct/PreDestroy 注释。标有这些注释的 ManagedBeans 方法将表示注释已处理。
2012-9-13 10:17:22 org.apache.catalina.startup.HostConfig deployDirectory
信息: Deploying web application directory /home/mmk/webdevelop/apache-tomcat-7.0.29/webapps/manager
2012-9-13 10:17:22 org.apache.catalina.startup.HostConfig deployDirectory
信息: Deploying web application directory /home/mmk/webdevelop/apache-tomcat-7.0.29/webapps/host-manager
2012-9-13 10:17:22 org.apache.catalina.startup.HostConfig deployDirectory
信息: Deploying web application directory /home/mmk/webdevelop/apache-tomcat-7.0.29/webapps/examples
2012-9-13 10:17:22 org.apache.coyote.AbstractProtocol start
信息: Starting ProtocolHandler ["http-bio-2300"]
2012-9-13 10:17:22 org.apache.coyote.AbstractProtocol start
信息: Starting ProtocolHandler ["ajp-bio-8009"]
2012-9-13 10:17:22 org.apache.catalina.startup.Catalina start
信息: Server startup in 2931 ms
2012-09-13 10:17:37 [OtaUpdater] OtaServlet: servlet init! version is 1.00
2012-09-13 10:17:37 [OtaUpdater] OtaServlet: request method: GET
2012-09-13 10:17:37 [OtaUpdater] OtaServlet: remote ip addr: 127.0.0.1
2012-09-13 10:17:37 [OtaUpdater] OtaServlet: remote real addr: 127.0.0.1
2012-09-13 10:17:37 [OtaUpdater] OtaServlet: request uri: /OtaUpdater/android
2012-09-13 10:17:37 [OtaUpdater] OtaServlet: product = rk29sdk version = 1.0.0
2012-09-13 10:17:37 [OtaUpdater] OtaServlet: package file real path = /home/mmk/webdevelop/apache-tomcat-7.0.29/webapps/OtaUpdater/WEB-INF/packages/rk29sdk/1.0.0/1.0.1.zip
2012-09-13 10:17:37 [OtaUpdater] OtaServlet: find update package! packageName = 1.0.1.zip packageLength = 306361248 packageVersion = 1.0.1
2012-9-13 10:20:31 org.apache.catalina.core.AprLifecycleListener init
信息: The APR based Apache Tomcat Native library which allows optimal performance in production environments was not found on the java.library.path: /home/mmk/jdk1.6.0_33/jre/lib/amd64/server:/home/mmk/jdk1.6.0_33/jre/lib/amd64:/home/mmk/jdk1.6.0_33/jre/../lib/amd64:/usr/java/packages/lib/amd64:/usr/lib64:/lib64:/lib:/usr/lib
2012-9-13 10:20:31 org.apache.coyote.AbstractProtocol init
信息: Initializing ProtocolHandler ["http-bio-2300"]
2012-9-13 10:20:31 org.apache.coyote.AbstractProtocol init
严重: Failed to initialize end point associated with ProtocolHandler ["http-bio-2300"]
java.net.BindException: Address already in use <null>:2300
	at org.apache.tomcat.util.net.JIoEndpoint.bind(JIoEndpoint.java:406)
	at org.apache.tomcat.util.net.AbstractEndpoint.init(AbstractEndpoint.java:610)
	at org.apache.coyote.AbstractProtocol.init(AbstractProtocol.java:429)
	at org.apache.coyote.http11.AbstractHttp11JsseProtocol.init(AbstractHttp11JsseProtocol.java:119)
	at org.apache.catalina.connector.Connector.initInternal(Connector.java:981)
	at org.apache.catalina.util.LifecycleBase.init(LifecycleBase.java:102)
	at org.apache.catalina.core.StandardService.initInternal(StandardService.java:559)
	at org.apache.catalina.util.LifecycleBase.init(LifecycleBase.java:102)
	at org.apache.catalina.core.StandardServer.initInternal(StandardServer.java:814)
	at org.apache.catalina.util.LifecycleBase.init(LifecycleBase.java:102)
	at org.apache.catalina.startup.Catalina.load(Catalina.java:624)
	at org.apache.catalina.startup.Catalina.load(Catalina.java:649)
	at sun.reflect.NativeMethodAccessorImpl.invoke0(Native Method)
	at sun.reflect.NativeMethodAccessorImpl.invoke(NativeMethodAccessorImpl.java:39)
	at sun.reflect.DelegatingMethodAccessorImpl.invoke(DelegatingMethodAccessorImpl.java:25)
	at java.lang.reflect.Method.invoke(Method.java:597)
	at org.apache.catalina.startup.Bootstrap.load(Bootstrap.java:281)
	at org.apache.catalina.startup.Bootstrap.main(Bootstrap.java:450)
Caused by: java.net.BindException: Address already in use
	at java.net.PlainSocketImpl.socketBind(Native Method)
	at java.net.PlainSocketImpl.bind(PlainSocketImpl.java:383)
	at java.net.ServerSocket.bind(ServerSocket.java:328)
	at java.net.ServerSocket.<init>(ServerSocket.java:194)
	at java.net.ServerSocket.<init>(ServerSocket.java:150)
	at org.apache.tomcat.util.net.DefaultServerSocketFactory.createSocket(DefaultServerSocketFactory.java:49)
	at org.apache.tomcat.util.net.JIoEndpoint.bind(JIoEndpoint.java:393)
	... 17 more
2012-9-13 10:20:31 org.apache.catalina.core.StandardService initInternal
严重: Failed to initialize connector [Connector[HTTP/1.1-2300]]
org.apache.catalina.LifecycleException: Failed to initialize component [Connector[HTTP/1.1-2300]]
	at org.apache.catalina.util.LifecycleBase.init(LifecycleBase.java:106)
	at org.apache.catalina.core.StandardService.initInternal(StandardService.java:559)
	at org.apache.catalina.util.LifecycleBase.init(LifecycleBase.java:102)
	at org.apache.catalina.core.StandardServer.initInternal(StandardServer.java:814)
	at org.apache.catalina.util.LifecycleBase.init(LifecycleBase.java:102)
	at org.apache.catalina.startup.Catalina.load(Catalina.java:624)
	at org.apache.catalina.startup.Catalina.load(Catalina.java:649)
	at sun.reflect.NativeMethodAccessorImpl.invoke0(Native Method)
	at sun.reflect.NativeMethodAccessorImpl.invoke(NativeMethodAccessorImpl.java:39)
	at sun.reflect.DelegatingMethodAccessorImpl.invoke(DelegatingMethodAccessorImpl.java:25)
	at java.lang.reflect.Method.invoke(Method.java:597)
	at org.apache.catalina.startup.Bootstrap.load(Bootstrap.java:281)
	at org.apache.catalina.startup.Bootstrap.main(Bootstrap.java:450)
Caused by: org.apache.catalina.LifecycleException: Protocol handler initialization failed
	at org.apache.catalina.connector.Connector.initInternal(Connector.java:983)
	at org.apache.catalina.util.LifecycleBase.init(LifecycleBase.java:102)
	... 12 more
Caused by: java.net.BindException: Address already in use <null>:2300
	at org.apache.tomcat.util.net.JIoEndpoint.bind(JIoEndpoint.java:406)
	at org.apache.tomcat.util.net.AbstractEndpoint.init(AbstractEndpoint.java:610)
	at org.apache.coyote.AbstractProtocol.init(AbstractProtocol.java:429)
	at org.apache.coyote.http11.AbstractHttp11JsseProtocol.init(AbstractHttp11JsseProtocol.java:119)
	at org.apache.catalina.connector.Connector.initInternal(Connector.java:981)
	... 13 more
Caused by: java.net.BindException: Address already in use
	at java.net.PlainSocketImpl.socketBind(Native Method)
	at java.net.PlainSocketImpl.bind(PlainSocketImpl.java:383)
	at java.net.ServerSocket.bind(ServerSocket.java:328)
	at java.net.ServerSocket.<init>(ServerSocket.java:194)
	at java.net.ServerSocket.<init>(ServerSocket.java:150)
	at org.apache.tomcat.util.net.DefaultServerSocketFactory.createSocket(DefaultServerSocketFactory.java:49)
	at org.apache.tomcat.util.net.JIoEndpoint.bind(JIoEndpoint.java:393)
	... 17 more
2012-9-13 10:20:31 org.apache.coyote.AbstractProtocol init
信息: Initializing ProtocolHandler ["ajp-bio-8009"]
2012-9-13 10:20:31 org.apache.coyote.AbstractProtocol init
严重: Failed to initialize end point associated with ProtocolHandler ["ajp-bio-8009"]
java.net.BindException: Address already in use <null>:8009
	at org.apache.tomcat.util.net.JIoEndpoint.bind(JIoEndpoint.java:406)
	at org.apache.tomcat.util.net.AbstractEndpoint.init(AbstractEndpoint.java:610)
	at org.apache.coyote.AbstractProtocol.init(AbstractProtocol.java:429)
	at org.apache.catalina.connector.Connector.initInternal(Connector.java:981)
	at org.apache.catalina.util.LifecycleBase.init(LifecycleBase.java:102)
	at org.apache.catalina.core.StandardService.initInternal(StandardService.java:559)
	at org.apache.catalina.util.LifecycleBase.init(LifecycleBase.java:102)
	at org.apache.catalina.core.StandardServer.initInternal(StandardServer.java:814)
	at org.apache.catalina.util.LifecycleBase.init(LifecycleBase.java:102)
	at org.apache.catalina.startup.Catalina.load(Catalina.java:624)
	at org.apache.catalina.startup.Catalina.load(Catalina.java:649)
	at sun.reflect.NativeMethodAccessorImpl.invoke0(Native Method)
	at sun.reflect.NativeMethodAccessorImpl.invoke(NativeMethodAccessorImpl.java:39)
	at sun.reflect.DelegatingMethodAccessorImpl.invoke(DelegatingMethodAccessorImpl.java:25)
	at java.lang.reflect.Method.invoke(Method.java:597)
	at org.apache.catalina.startup.Bootstrap.load(Bootstrap.java:281)
	at org.apache.catalina.startup.Bootstrap.main(Bootstrap.java:450)
Caused by: java.net.BindException: Address already in use
	at java.net.PlainSocketImpl.socketBind(Native Method)
	at java.net.PlainSocketImpl.bind(PlainSocketImpl.java:383)
	at java.net.ServerSocket.bind(ServerSocket.java:328)
	at java.net.ServerSocket.<init>(ServerSocket.java:194)
	at java.net.ServerSocket.<init>(ServerSocket.java:150)
	at org.apache.tomcat.util.net.DefaultServerSocketFactory.createSocket(DefaultServerSocketFactory.java:49)
	at org.apache.tomcat.util.net.JIoEndpoint.bind(JIoEndpoint.java:393)
	... 16 more
2012-9-13 10:20:31 org.apache.catalina.core.StandardService initInternal
严重: Failed to initialize connector [Connector[AJP/1.3-8009]]
org.apache.catalina.LifecycleException: Failed to initialize component [Connector[AJP/1.3-8009]]
	at org.apache.catalina.util.LifecycleBase.init(LifecycleBase.java:106)
	at org.apache.catalina.core.StandardService.initInternal(StandardService.java:559)
	at org.apache.catalina.util.LifecycleBase.init(LifecycleBase.java:102)
	at org.apache.catalina.core.StandardServer.initInternal(StandardServer.java:814)
	at org.apache.catalina.util.LifecycleBase.init(LifecycleBase.java:102)
	at org.apache.catalina.startup.Catalina.load(Catalina.java:624)
	at org.apache.catalina.startup.Catalina.load(Catalina.java:649)
	at sun.reflect.NativeMethodAccessorImpl.invoke0(Native Method)
	at sun.reflect.NativeMethodAccessorImpl.invoke(NativeMethodAccessorImpl.java:39)
	at sun.reflect.DelegatingMethodAccessorImpl.invoke(DelegatingMethodAccessorImpl.java:25)
	at java.lang.reflect.Method.invoke(Method.java:597)
	at org.apache.catalina.startup.Bootstrap.load(Bootstrap.java:281)
	at org.apache.catalina.startup.Bootstrap.main(Bootstrap.java:450)
Caused by: org.apache.catalina.LifecycleException: Protocol handler initialization failed
	at org.apache.catalina.connector.Connector.initInternal(Connector.java:983)
	at org.apache.catalina.util.LifecycleBase.init(LifecycleBase.java:102)
	... 12 more
Caused by: java.net.BindException: Address already in use <null>:8009
	at org.apache.tomcat.util.net.JIoEndpoint.bind(JIoEndpoint.java:406)
	at org.apache.tomcat.util.net.AbstractEndpoint.init(AbstractEndpoint.java:610)
	at org.apache.coyote.AbstractProtocol.init(AbstractProtocol.java:429)
	at org.apache.catalina.connector.Connector.initInternal(Connector.java:981)
	... 13 more
Caused by: java.net.BindException: Address already in use
	at java.net.PlainSocketImpl.socketBind(Native Method)
	at java.net.PlainSocketImpl.bind(PlainSocketImpl.java:383)
	at java.net.ServerSocket.bind(ServerSocket.java:328)
	at java.net.ServerSocket.<init>(ServerSocket.java:194)
	at java.net.ServerSocket.<init>(ServerSocket.java:150)
	at org.apache.tomcat.util.net.DefaultServerSocketFactory.createSocket(DefaultServerSocketFactory.java:49)
	at org.apache.tomcat.util.net.JIoEndpoint.bind(JIoEndpoint.java:393)
	... 16 more
2012-9-13 10:20:31 org.apache.catalina.startup.Catalina load
信息: Initialization processed in 624 ms
2012-9-13 10:20:31 org.apache.catalina.core.StandardService startInternal
信息: Starting service Catalina
2012-9-13 10:20:31 org.apache.catalina.core.StandardEngine startInternal
信息: Starting Servlet Engine: Apache Tomcat/7.0.29
2012-9-13 10:20:31 org.apache.catalina.startup.HostConfig deployDirectory
信息: Deploying web application directory /home/mmk/webdevelop/apache-tomcat-7.0.29/webapps/ROOT
2012-9-13 10:20:31 org.apache.catalina.startup.HostConfig deployDirectory
信息: Deploying web application directory /home/mmk/webdevelop/apache-tomcat-7.0.29/webapps/docs
2012-9-13 10:20:32 org.apache.catalina.startup.HostConfig deployDirectory
信息: Deploying web application directory /home/mmk/webdevelop/apache-tomcat-7.0.29/webapps/OtaUpdater
2012-9-13 10:20:33 com.sun.faces.config.ConfigureListener contextInitialized
信息: 初始化上下文 '/OtaUpdater' 的 Mojarra 2.0.3 (FCS b03)
2012-9-13 10:20:33 com.sun.faces.spi.InjectionProviderFactory createInstance
信息: JSF1048：有 PostConstruct/PreDestroy 注释。标有这些注释的 ManagedBeans 方法将表示注释已处理。
2012-9-13 10:20:34 org.apache.catalina.startup.HostConfig deployDirectory
信息: Deploying web application directory /home/mmk/webdevelop/apache-tomcat-7.0.29/webapps/manager
2012-9-13 10:20:34 org.apache.catalina.startup.HostConfig deployDirectory
信息: Deploying web application directory /home/mmk/webdevelop/apache-tomcat-7.0.29/webapps/host-manager
2012-9-13 10:20:34 org.apache.catalina.startup.HostConfig deployDirectory
信息: Deploying web application directory /home/mmk/webdevelop/apache-tomcat-7.0.29/webapps/examples
2012-9-13 10:20:34 org.apache.catalina.startup.Catalina start
信息: Server startup in 2786 ms
2012-9-13 10:20:34 org.apache.catalina.core.StandardServer await
严重: StandardServer.await: create[localhost:8005]: 
java.net.BindException: Address already in use
	at java.net.PlainSocketImpl.socketBind(Native Method)
	at java.net.PlainSocketImpl.bind(PlainSocketImpl.java:383)
	at java.net.ServerSocket.bind(ServerSocket.java:328)
	at java.net.ServerSocket.<init>(ServerSocket.java:194)
	at org.apache.catalina.core.StandardServer.await(StandardServer.java:427)
	at org.apache.catalina.startup.Catalina.await(Catalina.java:757)
	at org.apache.catalina.startup.Catalina.start(Catalina.java:703)
	at sun.reflect.NativeMethodAccessorImpl.invoke0(Native Method)
	at sun.reflect.NativeMethodAccessorImpl.invoke(NativeMethodAccessorImpl.java:39)
	at sun.reflect.DelegatingMethodAccessorImpl.invoke(DelegatingMethodAccessorImpl.java:25)
	at java.lang.reflect.Method.invoke(Method.java:597)
	at org.apache.catalina.startup.Bootstrap.start(Bootstrap.java:322)
	at org.apache.catalina.startup.Bootstrap.main(Bootstrap.java:451)
2012-9-13 10:20:34 org.apache.coyote.AbstractProtocol pause
信息: Pausing ProtocolHandler ["http-bio-2300"]
2012-9-13 10:20:34 org.apache.coyote.AbstractProtocol pause
信息: Pausing ProtocolHandler ["ajp-bio-8009"]
2012-9-13 10:20:34 org.apache.catalina.core.StandardService stopInternal
信息: Stopping service Catalina
2012-9-13 10:20:34 org.apache.catalina.loader.WebappClassLoader checkThreadLocalMapForLeaks
严重: The web application [/OtaUpdater] created a ThreadLocal with key of type [com.sun.faces.util.Util$1] (value [com.sun.faces.util.Util$1@3fd83cf4]) and a value of type [java.util.HashMap] (value [{com.sun.faces.patternCache={ = }}]) but failed to remove it when the web application was stopped. Threads are going to be renewed over time to try and avoid a probable memory leak.
2012-9-13 10:20:34 org.apache.coyote.AbstractProtocol stop
信息: Stopping ProtocolHandler ["http-bio-2300"]
2012-9-13 10:20:34 org.apache.coyote.AbstractProtocol destroy
信息: Destroying ProtocolHandler ["http-bio-2300"]
2012-9-13 10:20:34 org.apache.coyote.AbstractProtocol stop
信息: Stopping ProtocolHandler ["ajp-bio-8009"]
2012-9-13 10:20:34 org.apache.coyote.AbstractProtocol destroy
信息: Destroying ProtocolHandler ["ajp-bio-8009"]
2012-09-13 10:20:37 [OtaUpdater] OtaServlet: request method: GET
2012-09-13 10:20:37 [OtaUpdater] OtaServlet: remote ip addr: 127.0.0.1
2012-09-13 10:20:37 [OtaUpdater] OtaServlet: remote real addr: 127.0.0.1
2012-09-13 10:20:37 [OtaUpdater] OtaServlet: request uri: /OtaUpdater/android
2012-09-13 10:20:37 [OtaUpdater] OtaServlet: product = rk29sdk version = 1.0.0
2012-09-13 10:20:37 [OtaUpdater] OtaServlet: package file real path = /home/mmk/webdevelop/apache-tomcat-7.0.29/webapps/OtaUpdater/WEB-INF/packages/rk29sdk/1.0.0/1.0.1.zip
2012-09-13 10:20:37 [OtaUpdater] OtaServlet: find update package! packageName = 1.0.1.zip packageLength = 306361248 packageVersion = 1.0.1
2012-09-13 10:20:37 [OtaUpdater] OtaServlet: request method: GET
2012-09-13 10:20:37 [OtaUpdater] OtaServlet: remote ip addr: 127.0.0.1
2012-09-13 10:20:37 [OtaUpdater] OtaServlet: remote real addr: 127.0.0.1
2012-09-13 10:20:37 [OtaUpdater] OtaServlet: request uri: /OtaUpdater/android
2012-09-13 10:20:37 [OtaUpdater] OtaServlet: product = rk29sdk version = 1.0.0
2012-09-13 10:20:37 [OtaUpdater] OtaServlet: package file real path = /home/mmk/webdevelop/apache-tomcat-7.0.29/webapps/OtaUpdater/WEB-INF/packages/rk29sdk/1.0.0/1.0.1.zip
2012-09-13 10:20:37 [OtaUpdater] OtaServlet: find update package! packageName = 1.0.1.zip packageLength = 306361248 packageVersion = 1.0.1
2012-9-13 10:21:30 org.apache.catalina.core.StandardServer await
信息: A valid shutdown command was received via the shutdown port. Stopping the Server instance.
2012-9-13 10:21:30 org.apache.coyote.AbstractProtocol pause
信息: Pausing ProtocolHandler ["http-bio-2300"]
2012-9-13 10:21:30 org.apache.coyote.AbstractProtocol pause
信息: Pausing ProtocolHandler ["ajp-bio-8009"]
2012-9-13 10:21:30 org.apache.catalina.core.StandardService stopInternal
信息: Stopping service Catalina
2012-9-13 10:21:30 org.apache.coyote.AbstractProtocol stop
信息: Stopping ProtocolHandler ["http-bio-2300"]
2012-9-13 10:21:30 org.apache.coyote.AbstractProtocol stop
信息: Stopping ProtocolHandler ["ajp-bio-8009"]
2012-9-13 10:21:30 org.apache.coyote.AbstractProtocol destroy
信息: Destroying ProtocolHandler ["http-bio-2300"]
2012-9-13 10:21:30 org.apache.coyote.AbstractProtocol destroy
信息: Destroying ProtocolHandler ["ajp-bio-8009"]
2012-9-13 10:22:03 org.apache.catalina.core.AprLifecycleListener init
信息: The APR based Apache Tomcat Native library which allows optimal performance in production environments was not found on the java.library.path: /home/mmk/jdk1.6.0_33/jre/lib/amd64/server:/home/mmk/jdk1.6.0_33/jre/lib/amd64:/home/mmk/jdk1.6.0_33/jre/../lib/amd64:/usr/java/packages/lib/amd64:/usr/lib64:/lib64:/lib:/usr/lib
2012-9-13 10:22:03 org.apache.coyote.AbstractProtocol init
信息: Initializing ProtocolHandler ["http-bio-2300"]
2012-9-13 10:22:03 org.apache.coyote.AbstractProtocol init
信息: Initializing ProtocolHandler ["ajp-bio-8009"]
2012-9-13 10:22:03 org.apache.catalina.startup.Catalina load
信息: Initialization processed in 618 ms
2012-9-13 10:22:03 org.apache.catalina.core.StandardService startInternal
信息: Starting service Catalina
2012-9-13 10:22:03 org.apache.catalina.core.StandardEngine startInternal
信息: Starting Servlet Engine: Apache Tomcat/7.0.29
2012-9-13 10:22:03 org.apache.catalina.startup.HostConfig deployDirectory
信息: Deploying web application directory /home/mmk/webdevelop/apache-tomcat-7.0.29/webapps/ROOT
2012-9-13 10:22:03 org.apache.catalina.startup.HostConfig deployDirectory
信息: Deploying web application directory /home/mmk/webdevelop/apache-tomcat-7.0.29/webapps/docs
2012-9-13 10:22:03 org.apache.catalina.startup.HostConfig deployDirectory
信息: Deploying web application directory /home/mmk/webdevelop/apache-tomcat-7.0.29/webapps/OtaUpdater
2012-9-13 10:22:05 com.sun.faces.config.ConfigureListener contextInitialized
信息: 初始化上下文 '/OtaUpdater' 的 Mojarra 2.0.3 (FCS b03)
2012-9-13 10:22:05 com.sun.faces.spi.InjectionProviderFactory createInstance
信息: JSF1048：有 PostConstruct/PreDestroy 注释。标有这些注释的 ManagedBeans 方法将表示注释已处理。
2012-9-13 10:22:05 org.apache.catalina.startup.HostConfig deployDirectory
信息: Deploying web application directory /home/mmk/webdevelop/apache-tomcat-7.0.29/webapps/manager
2012-9-13 10:22:06 org.apache.catalina.startup.HostConfig deployDirectory
信息: Deploying web application directory /home/mmk/webdevelop/apache-tomcat-7.0.29/webapps/host-manager
2012-9-13 10:22:06 org.apache.catalina.startup.HostConfig deployDirectory
信息: Deploying web application directory /home/mmk/webdevelop/apache-tomcat-7.0.29/webapps/examples
2012-9-13 10:22:06 org.apache.coyote.AbstractProtocol start
信息: Starting ProtocolHandler ["http-bio-2300"]
2012-9-13 10:22:06 org.apache.coyote.AbstractProtocol start
信息: Starting ProtocolHandler ["ajp-bio-8009"]
2012-9-13 10:22:06 org.apache.catalina.startup.Catalina start
信息: Server startup in 2734 ms
2012-09-13 10:22:09 [OtaUpdater] OtaServlet: servlet init! version is 1.00
2012-09-13 10:22:09 [OtaUpdater] OtaServlet: request method: GET
2012-09-13 10:22:09 [OtaUpdater] OtaServlet: remote ip addr: 127.0.0.1
2012-09-13 10:22:09 [OtaUpdater] OtaServlet: remote real addr: 127.0.0.1
2012-09-13 10:22:09 [OtaUpdater] OtaServlet: request uri: /OtaUpdater/android
2012-09-13 10:22:09 [OtaUpdater] OtaServlet: product = rk29sdk version = 1.0.0
2012-09-13 10:22:09 [OtaUpdater] OtaServlet: package file real path = /home/mmk/webdevelop/apache-tomcat-7.0.29/webapps/OtaUpdater/WEB-INF/packages/rk29sdk/1.0.0/1.0.1.zip
2012-09-13 10:22:09 [OtaUpdater] OtaServlet: find update package! packageName = 1.0.1.zip packageLength = 306361248 packageVersion = 1.0.1
2012-09-13 10:22:10 [OtaUpdater] OtaServlet: request method: GET
2012-09-13 10:22:10 [OtaUpdater] OtaServlet: remote ip addr: 127.0.0.1
2012-09-13 10:22:10 [OtaUpdater] OtaServlet: remote real addr: 127.0.0.1
2012-09-13 10:22:10 [OtaUpdater] OtaServlet: request uri: /OtaUpdater/android
2012-09-13 10:22:10 [OtaUpdater] OtaServlet: product = rk29sdk version = 1.0.0
2012-09-13 10:22:10 [OtaUpdater] OtaServlet: package file real path = /home/mmk/webdevelop/apache-tomcat-7.0.29/webapps/OtaUpdater/WEB-INF/packages/rk29sdk/1.0.0/1.0.1.zip
2012-09-13 10:22:10 [OtaUpdater] OtaServlet: find update package! packageName = 1.0.1.zip packageLength = 306361248 packageVersion = 1.0.1
2012-9-13 10:24:32 org.apache.catalina.core.StandardServer await
信息: A valid shutdown command was received via the shutdown port. Stopping the Server instance.
2012-9-13 10:24:32 org.apache.coyote.AbstractProtocol pause
信息: Pausing ProtocolHandler ["http-bio-2300"]
2012-9-13 10:24:32 org.apache.coyote.AbstractProtocol pause
信息: Pausing ProtocolHandler ["ajp-bio-8009"]
2012-9-13 10:24:33 org.apache.catalina.core.StandardService stopInternal
信息: Stopping service Catalina
2012-9-13 10:24:33 org.apache.coyote.AbstractProtocol stop
信息: Stopping ProtocolHandler ["http-bio-2300"]
2012-9-13 10:24:33 org.apache.coyote.AbstractProtocol stop
信息: Stopping ProtocolHandler ["ajp-bio-8009"]
2012-9-13 10:24:33 org.apache.coyote.AbstractProtocol destroy
信息: Destroying ProtocolHandler ["http-bio-2300"]
2012-9-13 10:24:33 org.apache.coyote.AbstractProtocol destroy
信息: Destroying ProtocolHandler ["ajp-bio-8009"]
