2012-9-4 15:42:45 org.apache.catalina.core.AprLifecycleListener init
信息: The APR based Apache Tomcat Native library which allows optimal performance in production environments was not found on the java.library.path: /home/mmk/jdk1.6.0_33/jre/lib/amd64/server:/home/mmk/jdk1.6.0_33/jre/lib/amd64:/home/mmk/jdk1.6.0_33/jre/../lib/amd64:/usr/java/packages/lib/amd64:/usr/lib64:/lib64:/lib:/usr/lib
2012-9-4 15:42:46 org.apache.coyote.AbstractProtocol init
信息: Initializing ProtocolHandler ["http-bio-8080"]
2012-9-4 15:42:46 org.apache.coyote.AbstractProtocol init
信息: Initializing ProtocolHandler ["ajp-bio-8009"]
2012-9-4 15:42:46 org.apache.catalina.startup.Catalina load
信息: Initialization processed in 1434 ms
2012-9-4 15:42:46 org.apache.catalina.core.StandardService startInternal
信息: Starting service Catalina
2012-9-4 15:42:46 org.apache.catalina.core.StandardEngine startInternal
信息: Starting Servlet Engine: Apache Tomcat/7.0.29
2012-9-4 15:42:46 org.apache.catalina.startup.HostConfig deployDirectory
信息: Deploying web application directory /home/mmk/webdevelop/apache-tomcat-7.0.29/webapps/ROOT
2012-9-4 15:42:46 org.apache.catalina.util.SessionIdGenerator createSecureRandom
信息: Creation of SecureRandom instance for session ID generation using [SHA1PRNG] took [256] milliseconds.
2012-9-4 15:42:46 org.apache.catalina.startup.HostConfig deployDirectory
信息: Deploying web application directory /home/mmk/webdevelop/apache-tomcat-7.0.29/webapps/docs
2012-9-4 15:42:46 org.apache.catalina.startup.HostConfig deployDirectory
信息: Deploying web application directory /home/mmk/webdevelop/apache-tomcat-7.0.29/webapps/manager
2012-9-4 15:42:46 org.apache.catalina.startup.HostConfig deployDirectory
信息: Deploying web application directory /home/mmk/webdevelop/apache-tomcat-7.0.29/webapps/host-manager
2012-9-4 15:42:46 org.apache.catalina.startup.HostConfig deployDirectory
信息: Deploying web application directory /home/mmk/webdevelop/apache-tomcat-7.0.29/webapps/examples
2012-9-4 15:42:47 org.apache.coyote.AbstractProtocol start
信息: Starting ProtocolHandler ["http-bio-8080"]
2012-9-4 15:42:47 org.apache.coyote.AbstractProtocol start
信息: Starting ProtocolHandler ["ajp-bio-8009"]
2012-9-4 15:42:47 org.apache.catalina.startup.Catalina start
信息: Server startup in 981 ms
2012-9-4 15:46:44 org.apache.catalina.core.StandardServer await
信息: A valid shutdown command was received via the shutdown port. Stopping the Server instance.
2012-9-4 15:46:44 org.apache.coyote.AbstractProtocol pause
信息: Pausing ProtocolHandler ["http-bio-8080"]
2012-9-4 15:46:44 org.apache.coyote.AbstractProtocol pause
信息: Pausing ProtocolHandler ["ajp-bio-8009"]
2012-9-4 15:46:44 org.apache.catalina.core.StandardService stopInternal
信息: Stopping service Catalina
2012-9-4 15:46:44 org.apache.coyote.AbstractProtocol stop
信息: Stopping ProtocolHandler ["http-bio-8080"]
2012-9-4 15:46:44 org.apache.coyote.AbstractProtocol stop
信息: Stopping ProtocolHandler ["ajp-bio-8009"]
2012-9-4 15:46:44 org.apache.coyote.AbstractProtocol destroy
信息: Destroying ProtocolHandler ["http-bio-8080"]
2012-9-4 15:46:44 org.apache.coyote.AbstractProtocol destroy
信息: Destroying ProtocolHandler ["ajp-bio-8009"]
2012-9-4 15:50:36 org.apache.catalina.core.AprLifecycleListener init
信息: The APR based Apache Tomcat Native library which allows optimal performance in production environments was not found on the java.library.path: /home/mmk/jdk1.6.0_33/jre/lib/amd64/server:/home/mmk/jdk1.6.0_33/jre/lib/amd64:/home/mmk/jdk1.6.0_33/jre/../lib/amd64:/usr/java/packages/lib/amd64:/usr/lib64:/lib64:/lib:/usr/lib
2012-9-4 15:50:36 org.apache.coyote.AbstractProtocol init
信息: Initializing ProtocolHandler ["http-bio-8080"]
2012-9-4 15:50:36 org.apache.coyote.AbstractProtocol init
信息: Initializing ProtocolHandler ["ajp-bio-8009"]
2012-9-4 15:50:36 org.apache.catalina.startup.Catalina load
信息: Initialization processed in 598 ms
2012-9-4 15:50:36 org.apache.catalina.core.StandardService startInternal
信息: Starting service Catalina
2012-9-4 15:50:36 org.apache.catalina.core.StandardEngine startInternal
信息: Starting Servlet Engine: Apache Tomcat/7.0.29
2012-9-4 15:50:36 org.apache.catalina.startup.HostConfig deployDirectory
信息: Deploying web application directory /home/mmk/webdevelop/apache-tomcat-7.0.29/webapps/ROOT
2012-9-4 15:50:37 org.apache.catalina.startup.HostConfig deployDirectory
信息: Deploying web application directory /home/mmk/webdevelop/apache-tomcat-7.0.29/webapps/docs
2012-9-4 15:50:37 org.apache.catalina.startup.HostConfig deployDirectory
信息: Deploying web application directory /home/mmk/webdevelop/apache-tomcat-7.0.29/webapps/manager
2012-9-4 15:50:37 org.apache.catalina.startup.HostConfig deployDirectory
信息: Deploying web application directory /home/mmk/webdevelop/apache-tomcat-7.0.29/webapps/host-manager
2012-9-4 15:50:37 org.apache.catalina.startup.HostConfig deployDirectory
信息: Deploying web application directory /home/mmk/webdevelop/apache-tomcat-7.0.29/webapps/examples
2012-9-4 15:50:37 org.apache.coyote.AbstractProtocol start
信息: Starting ProtocolHandler ["http-bio-8080"]
2012-9-4 15:50:37 org.apache.coyote.AbstractProtocol start
信息: Starting ProtocolHandler ["ajp-bio-8009"]
2012-9-4 15:50:37 org.apache.catalina.startup.Catalina start
信息: Server startup in 706 ms
2012-9-4 15:54:29 org.apache.catalina.core.StandardServer await
信息: A valid shutdown command was received via the shutdown port. Stopping the Server instance.
2012-9-4 15:54:29 org.apache.coyote.AbstractProtocol pause
信息: Pausing ProtocolHandler ["http-bio-8080"]
2012-9-4 15:54:29 org.apache.coyote.AbstractProtocol pause
信息: Pausing ProtocolHandler ["ajp-bio-8009"]
2012-9-4 15:54:29 org.apache.catalina.core.StandardService stopInternal
信息: Stopping service Catalina
2012-9-4 15:54:29 org.apache.coyote.AbstractProtocol stop
信息: Stopping ProtocolHandler ["http-bio-8080"]
2012-9-4 15:54:29 org.apache.coyote.AbstractProtocol stop
信息: Stopping ProtocolHandler ["ajp-bio-8009"]
2012-9-4 15:54:29 org.apache.coyote.AbstractProtocol destroy
信息: Destroying ProtocolHandler ["http-bio-8080"]
2012-9-4 15:54:29 org.apache.coyote.AbstractProtocol destroy
信息: Destroying ProtocolHandler ["ajp-bio-8009"]
2012-9-4 15:54:35 org.apache.catalina.core.AprLifecycleListener init
信息: The APR based Apache Tomcat Native library which allows optimal performance in production environments was not found on the java.library.path: /home/mmk/jdk1.6.0_33/jre/lib/amd64/server:/home/mmk/jdk1.6.0_33/jre/lib/amd64:/home/mmk/jdk1.6.0_33/jre/../lib/amd64:/usr/java/packages/lib/amd64:/usr/lib64:/lib64:/lib:/usr/lib
2012-9-4 15:54:35 org.apache.coyote.AbstractProtocol init
信息: Initializing ProtocolHandler ["http-bio-8080"]
2012-9-4 15:54:35 org.apache.coyote.AbstractProtocol init
信息: Initializing ProtocolHandler ["ajp-bio-8009"]
2012-9-4 15:54:35 org.apache.catalina.startup.Catalina load
信息: Initialization processed in 634 ms
2012-9-4 15:54:35 org.apache.catalina.core.StandardService startInternal
信息: Starting service Catalina
2012-9-4 15:54:35 org.apache.catalina.core.StandardEngine startInternal
信息: Starting Servlet Engine: Apache Tomcat/7.0.29
2012-9-4 15:54:35 org.apache.catalina.startup.HostConfig deployDirectory
信息: Deploying web application directory /home/mmk/webdevelop/apache-tomcat-7.0.29/webapps/ROOT
2012-9-4 15:54:36 org.apache.catalina.startup.HostConfig deployDirectory
信息: Deploying web application directory /home/mmk/webdevelop/apache-tomcat-7.0.29/webapps/docs
2012-9-4 15:54:36 org.apache.catalina.startup.HostConfig deployDirectory
信息: Deploying web application directory /home/mmk/webdevelop/apache-tomcat-7.0.29/webapps/manager
2012-9-4 15:54:36 org.apache.catalina.startup.HostConfig deployDirectory
信息: Deploying web application directory /home/mmk/webdevelop/apache-tomcat-7.0.29/webapps/host-manager
2012-9-4 15:54:36 org.apache.catalina.startup.HostConfig deployDirectory
信息: Deploying web application directory /home/mmk/webdevelop/apache-tomcat-7.0.29/webapps/examples
2012-9-4 15:54:36 org.apache.coyote.AbstractProtocol start
信息: Starting ProtocolHandler ["http-bio-8080"]
2012-9-4 15:54:36 org.apache.coyote.AbstractProtocol start
信息: Starting ProtocolHandler ["ajp-bio-8009"]
2012-9-4 15:54:36 org.apache.catalina.startup.Catalina start
信息: Server startup in 761 ms
2012-9-4 15:58:22 org.apache.catalina.core.StandardServer await
信息: A valid shutdown command was received via the shutdown port. Stopping the Server instance.
2012-9-4 15:58:22 org.apache.coyote.AbstractProtocol pause
信息: Pausing ProtocolHandler ["http-bio-8080"]
2012-9-4 15:58:22 org.apache.coyote.AbstractProtocol pause
信息: Pausing ProtocolHandler ["ajp-bio-8009"]
2012-9-4 15:58:22 org.apache.catalina.core.StandardService stopInternal
信息: Stopping service Catalina
2012-9-4 15:58:22 org.apache.coyote.AbstractProtocol stop
信息: Stopping ProtocolHandler ["http-bio-8080"]
2012-9-4 15:58:22 org.apache.coyote.AbstractProtocol stop
信息: Stopping ProtocolHandler ["ajp-bio-8009"]
2012-9-4 15:58:22 org.apache.coyote.AbstractProtocol destroy
信息: Destroying ProtocolHandler ["http-bio-8080"]
2012-9-4 15:58:22 org.apache.coyote.AbstractProtocol destroy
信息: Destroying ProtocolHandler ["ajp-bio-8009"]
2012-9-4 17:24:38 org.apache.catalina.core.AprLifecycleListener init
信息: The APR based Apache Tomcat Native library which allows optimal performance in production environments was not found on the java.library.path: /home/mmk/jdk1.6.0_33/jre/lib/amd64/server:/home/mmk/jdk1.6.0_33/jre/lib/amd64:/home/mmk/jdk1.6.0_33/jre/../lib/amd64:/usr/java/packages/lib/amd64:/usr/lib64:/lib64:/lib:/usr/lib
2012-9-4 17:24:38 org.apache.coyote.AbstractProtocol init
信息: Initializing ProtocolHandler ["http-bio-8080"]
2012-9-4 17:24:38 org.apache.coyote.AbstractProtocol init
信息: Initializing ProtocolHandler ["ajp-bio-8009"]
2012-9-4 17:24:38 org.apache.catalina.startup.Catalina load
信息: Initialization processed in 598 ms
2012-9-4 17:24:38 org.apache.catalina.core.StandardService startInternal
信息: Starting service Catalina
2012-9-4 17:24:38 org.apache.catalina.core.StandardEngine startInternal
信息: Starting Servlet Engine: Apache Tomcat/7.0.29
2012-9-4 17:24:38 org.apache.catalina.startup.HostConfig deployDirectory
信息: Deploying web application directory /home/mmk/webdevelop/apache-tomcat-7.0.29/webapps/ROOT
2012-9-4 17:24:39 org.apache.catalina.startup.HostConfig deployDirectory
信息: Deploying web application directory /home/mmk/webdevelop/apache-tomcat-7.0.29/webapps/docs
2012-9-4 17:24:39 org.apache.catalina.startup.HostConfig deployDirectory
信息: Deploying web application directory /home/mmk/webdevelop/apache-tomcat-7.0.29/webapps/helloworld
2012-9-4 17:24:40 com.sun.faces.config.ConfigureListener contextInitialized
信息: 初始化上下文 '/helloworld' 的 Mojarra 2.0.3 (FCS b03)
2012-9-4 17:24:40 com.sun.faces.spi.InjectionProviderFactory createInstance
信息: JSF1048：有 PostConstruct/PreDestroy 注释。标有这些注释的 ManagedBeans 方法将表示注释已处理。
2012-9-4 17:24:41 org.apache.catalina.startup.HostConfig deployDirectory
信息: Deploying web application directory /home/mmk/webdevelop/apache-tomcat-7.0.29/webapps/manager
2012-9-4 17:24:41 org.apache.catalina.startup.HostConfig deployDirectory
信息: Deploying web application directory /home/mmk/webdevelop/apache-tomcat-7.0.29/webapps/host-manager
2012-9-4 17:24:41 org.apache.catalina.startup.HostConfig deployDirectory
信息: Deploying web application directory /home/mmk/webdevelop/apache-tomcat-7.0.29/webapps/examples
2012-9-4 17:24:41 org.apache.coyote.AbstractProtocol start
信息: Starting ProtocolHandler ["http-bio-8080"]
2012-9-4 17:24:41 org.apache.coyote.AbstractProtocol start
信息: Starting ProtocolHandler ["ajp-bio-8009"]
2012-9-4 17:24:41 org.apache.catalina.startup.Catalina start
信息: Server startup in 2822 ms
2012-9-4 17:24:58 org.apache.catalina.core.StandardServer await
信息: A valid shutdown command was received via the shutdown port. Stopping the Server instance.
2012-9-4 17:24:58 org.apache.coyote.AbstractProtocol pause
信息: Pausing ProtocolHandler ["http-bio-8080"]
2012-9-4 17:24:58 org.apache.coyote.AbstractProtocol pause
信息: Pausing ProtocolHandler ["ajp-bio-8009"]
2012-9-4 17:24:58 org.apache.catalina.core.StandardService stopInternal
信息: Stopping service Catalina
2012-9-4 17:24:58 org.apache.coyote.AbstractProtocol stop
信息: Stopping ProtocolHandler ["http-bio-8080"]
2012-9-4 17:24:58 org.apache.coyote.AbstractProtocol stop
信息: Stopping ProtocolHandler ["ajp-bio-8009"]
2012-9-4 17:24:58 org.apache.coyote.AbstractProtocol destroy
信息: Destroying ProtocolHandler ["http-bio-8080"]
2012-9-4 17:24:58 org.apache.coyote.AbstractProtocol destroy
信息: Destroying ProtocolHandler ["ajp-bio-8009"]
2012-9-4 17:27:49 org.apache.catalina.core.AprLifecycleListener init
信息: The APR based Apache Tomcat Native library which allows optimal performance in production environments was not found on the java.library.path: /home/mmk/jdk1.6.0_33/jre/lib/amd64/server:/home/mmk/jdk1.6.0_33/jre/lib/amd64:/home/mmk/jdk1.6.0_33/jre/../lib/amd64:/usr/java/packages/lib/amd64:/usr/lib64:/lib64:/lib:/usr/lib
2012-9-4 17:27:49 org.apache.coyote.AbstractProtocol init
信息: Initializing ProtocolHandler ["http-bio-8080"]
2012-9-4 17:27:49 org.apache.coyote.AbstractProtocol init
信息: Initializing ProtocolHandler ["ajp-bio-8009"]
2012-9-4 17:27:49 org.apache.catalina.startup.Catalina load
信息: Initialization processed in 604 ms
2012-9-4 17:27:49 org.apache.catalina.core.StandardService startInternal
信息: Starting service Catalina
2012-9-4 17:27:49 org.apache.catalina.core.StandardEngine startInternal
信息: Starting Servlet Engine: Apache Tomcat/7.0.29
2012-9-4 17:27:49 org.apache.catalina.startup.HostConfig deployDirectory
信息: Deploying web application directory /home/mmk/webdevelop/apache-tomcat-7.0.29/webapps/ROOT
2012-9-4 17:27:50 org.apache.catalina.util.SessionIdGenerator createSecureRandom
信息: Creation of SecureRandom instance for session ID generation using [SHA1PRNG] took [763] milliseconds.
2012-9-4 17:27:50 org.apache.catalina.startup.HostConfig deployDirectory
信息: Deploying web application directory /home/mmk/webdevelop/apache-tomcat-7.0.29/webapps/docs
2012-9-4 17:27:50 org.apache.catalina.startup.HostConfig deployDirectory
信息: Deploying web application directory /home/mmk/webdevelop/apache-tomcat-7.0.29/webapps/helloworld
2012-9-4 17:27:51 com.sun.faces.config.ConfigureListener contextInitialized
信息: 初始化上下文 '/helloworld' 的 Mojarra 2.0.3 (FCS b03)
2012-9-4 17:27:52 com.sun.faces.spi.InjectionProviderFactory createInstance
信息: JSF1048：有 PostConstruct/PreDestroy 注释。标有这些注释的 ManagedBeans 方法将表示注释已处理。
2012-9-4 17:27:52 org.apache.catalina.startup.HostConfig deployDirectory
信息: Deploying web application directory /home/mmk/webdevelop/apache-tomcat-7.0.29/webapps/manager
2012-9-4 17:27:52 org.apache.catalina.startup.HostConfig deployDirectory
信息: Deploying web application directory /home/mmk/webdevelop/apache-tomcat-7.0.29/webapps/host-manager
2012-9-4 17:27:52 org.apache.catalina.startup.HostConfig deployDirectory
信息: Deploying web application directory /home/mmk/webdevelop/apache-tomcat-7.0.29/webapps/examples
2012-9-4 17:27:53 org.apache.coyote.AbstractProtocol start
信息: Starting ProtocolHandler ["http-bio-8080"]
2012-9-4 17:27:53 org.apache.coyote.AbstractProtocol start
信息: Starting ProtocolHandler ["ajp-bio-8009"]
2012-9-4 17:27:53 org.apache.catalina.startup.Catalina start
信息: Server startup in 3338 ms
2012-9-4 17:31:10 org.apache.catalina.core.StandardServer await
信息: A valid shutdown command was received via the shutdown port. Stopping the Server instance.
2012-9-4 17:31:10 org.apache.coyote.AbstractProtocol pause
信息: Pausing ProtocolHandler ["http-bio-8080"]
2012-9-4 17:31:10 org.apache.coyote.AbstractProtocol pause
信息: Pausing ProtocolHandler ["ajp-bio-8009"]
2012-9-4 17:31:10 org.apache.catalina.core.StandardService stopInternal
信息: Stopping service Catalina
2012-9-4 17:31:10 org.apache.coyote.AbstractProtocol stop
信息: Stopping ProtocolHandler ["http-bio-8080"]
2012-9-4 17:31:10 org.apache.coyote.AbstractProtocol stop
信息: Stopping ProtocolHandler ["ajp-bio-8009"]
2012-9-4 17:31:10 org.apache.coyote.AbstractProtocol destroy
信息: Destroying ProtocolHandler ["http-bio-8080"]
2012-9-4 17:31:10 org.apache.coyote.AbstractProtocol destroy
信息: Destroying ProtocolHandler ["ajp-bio-8009"]
