2012-9-4 15:42:47 org.apache.catalina.core.ApplicationContext log
信息: ContextListener: contextInitialized()
2012-9-4 15:42:47 org.apache.catalina.core.ApplicationContext log
信息: SessionListener: contextInitialized()
2012-9-4 15:42:47 org.apache.catalina.core.ApplicationContext log
信息: ContextListener: attributeAdded('org.apache.jasper.compiler.TldLocationsCache', 'org.apache.jasper.compiler.TldLocationsCache@c292cb2')
2012-9-4 15:46:44 org.apache.catalina.core.ApplicationContext log
信息: SessionListener: contextDestroyed()
2012-9-4 15:46:44 org.apache.catalina.core.ApplicationContext log
信息: ContextListener: contextDestroyed()
2012-9-4 15:50:37 org.apache.catalina.core.ApplicationContext log
信息: ContextListener: contextInitialized()
2012-9-4 15:50:37 org.apache.catalina.core.ApplicationContext log
信息: SessionListener: contextInitialized()
2012-9-4 15:50:37 org.apache.catalina.core.ApplicationContext log
信息: ContextListener: attributeAdded('org.apache.jasper.compiler.TldLocationsCache', 'org.apache.jasper.compiler.TldLocationsCache@7121fd61')
2012-9-4 15:54:29 org.apache.catalina.core.ApplicationContext log
信息: SessionListener: contextDestroyed()
2012-9-4 15:54:29 org.apache.catalina.core.ApplicationContext log
信息: ContextListener: contextDestroyed()
2012-9-4 15:54:36 org.apache.catalina.core.ApplicationContext log
信息: ContextListener: contextInitialized()
2012-9-4 15:54:36 org.apache.catalina.core.ApplicationContext log
信息: SessionListener: contextInitialized()
2012-9-4 15:54:36 org.apache.catalina.core.ApplicationContext log
信息: ContextListener: attributeAdded('org.apache.jasper.compiler.TldLocationsCache', 'org.apache.jasper.compiler.TldLocationsCache@7121fd61')
2012-9-4 15:58:22 org.apache.catalina.core.ApplicationContext log
信息: SessionListener: contextDestroyed()
2012-9-4 15:58:22 org.apache.catalina.core.ApplicationContext log
信息: ContextListener: contextDestroyed()
2012-9-4 17:24:41 org.apache.catalina.core.ApplicationContext log
信息: ContextListener: contextInitialized()
2012-9-4 17:24:41 org.apache.catalina.core.ApplicationContext log
信息: SessionListener: contextInitialized()
2012-9-4 17:24:41 org.apache.catalina.core.ApplicationContext log
信息: ContextListener: attributeAdded('org.apache.jasper.compiler.TldLocationsCache', 'org.apache.jasper.compiler.TldLocationsCache@22dca7d0')
2012-9-4 17:24:58 org.apache.catalina.core.ApplicationContext log
信息: SessionListener: contextDestroyed()
2012-9-4 17:24:58 org.apache.catalina.core.ApplicationContext log
信息: ContextListener: contextDestroyed()
2012-9-4 17:27:53 org.apache.catalina.core.ApplicationContext log
信息: ContextListener: contextInitialized()
2012-9-4 17:27:53 org.apache.catalina.core.ApplicationContext log
信息: SessionListener: contextInitialized()
2012-9-4 17:27:53 org.apache.catalina.core.ApplicationContext log
信息: ContextListener: attributeAdded('org.apache.jasper.compiler.TldLocationsCache', 'org.apache.jasper.compiler.TldLocationsCache@6fe30af')
2012-9-4 17:31:10 org.apache.catalina.core.ApplicationContext log
信息: SessionListener: contextDestroyed()
2012-9-4 17:31:10 org.apache.catalina.core.ApplicationContext log
信息: ContextListener: contextDestroyed()
